2016-10-07 16:38:08,933 INFO  [Resignation] Login successfully  
2016-10-07 16:38:18,418 INFO  [Resignation] Target Page open successfully  
2016-10-07 16:38:18,637 INFO  [Resignation] submit button clicked 
2016-10-07 16:38:20,877 INFO  [Resignation] mobile no inserted successfully 
2016-10-07 16:38:22,285 INFO  [Resignation] notice given successfully 
2016-10-07 16:38:23,850 INFO  [Resignation] ResignationReason given successfully 
2016-10-07 16:38:25,314 INFO  [Resignation] reasonLeaving inserted successfully 
2016-10-07 16:38:27,509 INFO  [Resignation] Resignation date inserted successfully 
2016-10-07 16:38:29,399 INFO  [Resignation] Status given successfully 
2016-10-07 16:38:38,319 INFO  [Resignation] save button working successfully 
2016-10-07 16:38:49,099 INFO  [Resignation] Screenshot taken:Test Case failed 
2016-10-07 16:47:33,058 INFO  [Resignation] Login credintials inserted successfully 
2016-10-07 16:47:33,140 INFO  [Resignation] Login successfully  
2016-10-07 16:47:41,120 INFO  [Resignation] Target Page open successfully  
2016-10-07 16:47:41,735 INFO  [Resignation] submit button clicked 
2016-10-07 16:47:43,950 INFO  [Resignation] mobile no inserted successfully 
2016-10-07 16:47:45,296 INFO  [Resignation] notice given successfully 
2016-10-07 16:47:46,847 INFO  [Resignation] ResignationReason given successfully 
2016-10-07 16:47:48,274 INFO  [Resignation] reasonLeaving inserted successfully 
2016-10-07 16:47:50,480 INFO  [Resignation] Resignation date inserted successfully 
2016-10-07 16:47:52,083 INFO  [Resignation] Status given successfully 
2016-10-07 16:47:55,332 INFO  [Resignation] save button working successfully 
2016-10-07 16:47:55,978 INFO  [Resignation] Screenshot taken:Test Case failed 
2016-10-07 17:10:48,916 INFO  [Resignation] Login credintials inserted successfully 
2016-10-07 17:10:49,037 INFO  [Resignation] Login successfully  
2016-10-07 17:10:57,861 INFO  [Resignation] Target Page open successfully  
2016-10-07 17:10:58,047 INFO  [Resignation] submit button clicked 
2016-10-07 17:11:00,300 INFO  [Resignation] mobile no inserted successfully 
2016-10-07 17:11:01,647 INFO  [Resignation] notice given successfully 
2016-10-07 17:11:03,227 INFO  [Resignation] ResignationReason given successfully 
2016-10-07 17:11:04,679 INFO  [Resignation] reasonLeaving inserted successfully 
2016-10-07 17:11:06,859 INFO  [Resignation] Resignation date inserted successfully 
2016-10-07 17:11:08,514 INFO  [Resignation] Status given successfully 
2016-10-07 17:11:11,963 INFO  [Resignation] save button working successfully 
2016-10-07 17:11:33,752 INFO  [Resignation] Screenshot taken:Test Case failed 
2016-10-07 17:18:06,597 INFO  [Resignation] Login credintials inserted successfully 
2016-10-07 17:18:06,669 INFO  [Resignation] Login successfully  
2016-10-07 17:18:15,313 INFO  [Resignation] Target Page open successfully  
2016-10-07 17:18:15,784 INFO  [Resignation] submit button clicked 
2016-10-07 17:18:18,592 INFO  [Resignation] mobile no inserted successfully 
2016-10-07 17:18:19,919 INFO  [Resignation] notice given successfully 
2016-10-07 17:18:21,478 INFO  [Resignation] ResignationReason given successfully 
2016-10-07 17:18:23,045 INFO  [Resignation] reasonLeaving inserted successfully 
2016-10-07 17:18:25,276 INFO  [Resignation] Resignation date inserted successfully 
2016-10-07 17:18:26,924 INFO  [Resignation] Status given successfully 
2016-10-07 17:18:30,106 INFO  [Resignation] save button working successfully 
2016-10-07 17:18:31,353 INFO  [Resignation] resignation form submited successfully 
2016-10-07 17:24:39,102 INFO  [Resignation] Login credintials inserted successfully 
2016-10-07 17:24:39,172 INFO  [Resignation] Login successfully  
2016-10-07 17:24:48,464 INFO  [Resignation] Target Page open successfully  
2016-10-07 17:24:48,672 INFO  [Resignation] submit button clicked 
2016-10-07 17:24:50,721 INFO  [Resignation] mobile no inserted successfully 
2016-10-07 17:25:12,087 INFO  [Resignation] notice not given or not match with existing data 
2016-10-07 17:25:13,617 INFO  [Resignation] ResignationReason given successfully 
2016-10-07 17:25:15,133 INFO  [Resignation] reasonLeaving inserted successfully 
2016-10-07 17:25:17,287 INFO  [Resignation] Resignation date inserted successfully 
2016-10-07 17:25:18,911 INFO  [Resignation] Status given successfully 
2016-10-07 17:25:28,470 INFO  [Resignation] save button working successfully 
2016-10-07 17:25:31,674 INFO  [Resignation] resignation form submited successfully 
2016-10-07 17:32:26,804 INFO  [Resignation] Login credintials inserted successfully 
2016-10-07 17:32:26,881 INFO  [Resignation] Login successfully  
2016-10-07 17:32:35,718 INFO  [Resignation] Target Page open successfully  
2016-10-07 17:32:35,899 INFO  [Resignation] submit button clicked 
2016-10-07 17:32:37,826 INFO  [Resignation] mobile no inserted successfully 
2016-10-07 17:32:39,198 INFO  [Resignation] notice given successfully 
2016-10-07 17:32:40,754 INFO  [Resignation] ResignationReason given successfully 
2016-10-07 17:32:42,273 INFO  [Resignation] reasonLeaving inserted successfully 
2016-10-07 17:32:44,451 INFO  [Resignation] Resignation date inserted successfully 
2016-10-07 17:32:46,079 INFO  [Resignation] Status given successfully 
2016-10-07 17:32:47,410 INFO  [Resignation] save button working successfully 
2016-10-07 17:33:02,567 INFO  [Resignation] resignation form is not submited 
2016-10-07 17:33:02,954 INFO  [Resignation] Screenshot taken:Test Case failed 
2016-10-10 12:08:46,981 INFO  [ResignationApproval] Login credintials inserted successfully 
2016-10-10 12:08:47,087 INFO  [ResignationApproval] Login successfully  
2016-10-10 12:08:57,469 INFO  [ResignationApproval] Target Page open successfully  
2016-10-10 12:08:57,492 INFO  [ResignationApproval] resignation employee not found 
2016-10-10 12:08:57,924 INFO  [ResignationApproval] Screenshot taken:Test Case failed 
2016-10-10 12:11:49,841 INFO  [ResignationApproval] Login credintials inserted successfully 
2016-10-10 12:11:49,908 INFO  [ResignationApproval] Login successfully  
2016-10-10 12:11:59,330 INFO  [ResignationApproval] Target Page open successfully  
2016-10-10 12:12:01,089 INFO  [ResignationApproval] resignation employee page opened successfully 
2016-10-10 12:12:02,811 INFO  [ResignationApproval] Screenshot taken:Test Case failed 
2016-10-10 12:14:08,039 INFO  [ResignationApproval] Login credintials inserted successfully 
2016-10-10 12:14:08,112 INFO  [ResignationApproval] Login successfully  
2016-10-10 12:14:16,090 INFO  [ResignationApproval] Target Page open successfully  
2016-10-10 12:14:17,414 INFO  [ResignationApproval] resignation employee page opened successfully 
2016-10-10 12:14:31,841 INFO  [ResignationApproval] Screenshot taken:Test Case failed 
2016-10-10 12:18:42,099 INFO  [ResignationApproval] Login credintials inserted successfully 
2016-10-10 12:18:42,166 INFO  [ResignationApproval] Login successfully  
2016-10-10 12:18:50,141 INFO  [ResignationApproval] Target Page open successfully  
2016-10-10 12:18:52,016 INFO  [ResignationApproval] resignation employee page opened successfully 
2016-10-10 12:18:54,438 INFO  [ResignationApproval] request approved successfully 
2016-10-10 12:18:55,977 INFO  [ResignationApproval] request approved or reject successfully 
2016-10-10 14:41:59,311 INFO  [ExitForm] Login credintials inserted successfully 
2016-10-10 14:41:59,378 INFO  [ExitForm] Login successfully  
2016-10-10 14:42:20,920 INFO  [ExitForm] Screenshot taken:Test Case failed 
2016-10-10 14:44:45,854 INFO  [ExitForm] Login credintials inserted successfully 
2016-10-10 14:44:45,916 INFO  [ExitForm] Login successfully  
2016-10-10 14:44:54,561 INFO  [ExitForm] Target Page open successfully  
2016-10-10 14:47:47,712 INFO  [ExitForm] Login credintials inserted successfully 
2016-10-10 14:47:47,777 INFO  [ExitForm] Login successfully  
2016-10-10 14:48:01,009 INFO  [ExitForm] Target Page open successfully  
2016-10-10 14:50:39,384 INFO  [ExitForm] Login credintials inserted successfully 
2016-10-10 14:50:39,466 INFO  [ExitForm] Login successfully  
2016-10-10 14:57:51,646 INFO  [ExitForm] Login credintials inserted successfully 
2016-10-10 14:57:51,713 INFO  [ExitForm] Login successfully  
2016-10-10 14:59:53,010 INFO  [ExitForm] Login credintials inserted successfully 
2016-10-10 14:59:53,083 INFO  [ExitForm] Login successfully  
2016-10-10 15:04:02,514 INFO  [ExitForm] Login credintials inserted successfully 
2016-10-10 15:04:02,583 INFO  [ExitForm] Login successfully  
2016-10-10 15:06:01,594 INFO  [ExitForm] Login credintials inserted successfully 
2016-10-10 15:06:01,680 INFO  [ExitForm] Login successfully  
2016-10-10 15:09:10,422 INFO  [ExitForm] Login credintials inserted successfully 
2016-10-10 15:09:10,487 INFO  [ExitForm] Login successfully  
2016-10-10 15:09:25,819 INFO  [ExitForm] exit form already filled 
2016-10-10 15:10:31,147 INFO  [ExitForm] Login credintials inserted successfully 
2016-10-10 15:10:31,205 INFO  [ExitForm] Login successfully  
2016-10-10 15:10:48,010 INFO  [ExitForm] exit form already filled 
2016-10-10 17:42:44,178 INFO  [ExitInterview] Login credintials inserted successfully 
2016-10-10 17:42:44,244 INFO  [ExitInterview] Login successfully  
2016-10-10 17:42:51,799 INFO  [ExitInterview] Target Page open successfully  
2016-10-10 17:42:52,690 INFO  [ExitInterview] dropdown value selected successfully 
2016-10-10 17:42:56,862 INFO  [ExitInterview] Resignation employee page not opened 
2016-10-10 17:42:57,359 INFO  [ExitInterview] Screenshot taken:Test Case failed 
2016-10-10 17:43:57,330 INFO  [ExitInterview] Login credintials inserted successfully 
2016-10-10 17:43:57,395 INFO  [ExitInterview] Login successfully  
2016-10-10 17:44:04,854 INFO  [ExitInterview] Target Page open successfully  
2016-10-10 17:44:05,211 INFO  [ExitInterview] dropdown value selected successfully 
2016-10-10 17:44:10,650 INFO  [ExitInterview] Resignation employee page open successfully 
2016-10-10 17:44:13,018 INFO  [ExitInterview] dropdown value is selected successfully 
2016-10-10 17:44:13,256 INFO  [ExitInterview] leaving reasone inserted successfully 
2016-10-10 17:44:13,568 INFO  [ExitInterview] major highlightes inserted successfully 
2016-10-10 17:44:13,949 INFO  [ExitInterview] disappointment inserted successfully 
2016-10-10 17:44:15,575 INFO  [ExitInterview] exitinterview form submited successfully 
2016-10-10 17:49:20,113 INFO  [ExitInterview] Login credintials inserted successfully 
2016-10-10 17:49:20,184 INFO  [ExitInterview] Login successfully  
2016-10-10 17:49:28,082 INFO  [ExitInterview] Target Page open successfully  
2016-10-10 17:49:28,712 INFO  [ExitInterview] dropdown value selected successfully 
2016-10-10 17:49:32,879 INFO  [ExitInterview] Resignation employee page not opened 
2016-10-10 17:49:33,538 INFO  [ExitInterview] Screenshot taken:Test Case failed 
2016-10-10 17:52:44,413 INFO  [ExitInterview] Screenshot taken:Test Case failed 
2016-10-10 18:41:50,231 INFO  [LWD] Login credintials inserted successfully 
2016-10-10 18:41:50,305 INFO  [LWD] Login successfully  
2016-10-10 18:41:59,153 INFO  [LWD] Target Page open successfully  
2016-10-10 18:41:59,873 INFO  [LWD] dropdown value selected successfully 
2016-10-10 18:42:04,357 INFO  [LWD] Resignation employee page open successfully 
2016-10-10 18:42:09,917 INFO  [LWD] LWD Update successfully 
2016-10-10 18:46:35,185 INFO  [LWD] Login credintials inserted successfully 
2016-10-10 18:46:46,766 INFO  [LWD] Screenshot taken:Test Case failed 
2016-10-10 18:47:25,325 INFO  [LWD] Login credintials inserted successfully 
2016-10-10 18:47:25,392 INFO  [LWD] Login successfully  
2016-10-10 18:47:33,137 INFO  [LWD] Target Page open successfully  
2016-10-10 18:47:34,183 INFO  [LWD] dropdown value selected successfully 
2016-10-10 18:47:39,109 INFO  [LWD] Resignation employee page open successfully 
2016-10-10 18:47:45,041 INFO  [LWD] LWD Update successfully 
2016-10-12 18:35:24,378 INFO  [HandOverRequest] Login credintials inserted successfully 
2016-10-12 18:35:24,504 INFO  [HandOverRequest] Login successfully  
2016-10-12 18:45:44,020 INFO  [HandOverRequest] Login credintials inserted successfully 
2016-10-12 18:45:44,150 INFO  [HandOverRequest] Login successfully  
2016-10-12 18:45:53,850 INFO  [HandOverRequest] Target Page open successfully  
2016-10-12 18:45:54,314 INFO  [HandOverRequest] Screenshot taken:Test Case failed 
2016-10-12 18:53:45,837 INFO  [HandOverRequest] Login credintials inserted successfully 
2016-10-12 18:53:45,929 INFO  [HandOverRequest] Login successfully  
2016-10-12 18:53:55,895 INFO  [HandOverRequest] Target Page open successfully  
2016-10-12 18:56:56,766 INFO  [HandOverRequest] dropdown value not selected 
2016-10-13 11:03:37,437 INFO  [HandOverRequest] Login credintials inserted successfully 
2016-10-13 11:03:37,515 INFO  [HandOverRequest] Login successfully  
2016-10-13 11:03:51,794 INFO  [HandOverRequest] Target Page open successfully  
2016-10-13 11:03:54,857 INFO  [HandOverRequest] dropdown value is selected successfully 
2016-10-13 11:03:55,341 INFO  [HandOverRequest] dropdown value is selected successfully 
2016-10-13 11:03:55,911 INFO  [HandOverRequest] dropdown value is selected successfully 
2016-10-13 11:03:56,623 INFO  [HandOverRequest] dropdown value is selected successfully 
2016-10-13 11:03:57,451 INFO  [HandOverRequest] dropdown value is selected successfully 
2016-10-13 11:03:57,778 INFO  [HandOverRequest] handover submitted successfully 
2016-10-13 11:56:23,913 INFO  [HandOverAcceptance] Login credintials inserted successfully 
2016-10-13 11:56:23,983 INFO  [HandOverAcceptance] Login successfully  
2016-10-13 11:56:35,102 INFO  [HandOverAcceptance] Target Page open successfully  
2016-10-13 11:56:35,699 INFO  [HandOverAcceptance] dropdown value is selected successfully 
2016-10-13 11:56:36,556 INFO  [HandOverAcceptance] dropdown value is selected successfully 
2016-10-13 11:56:37,447 INFO  [HandOverAcceptance] dropdown value is selected successfully 
2016-10-13 11:56:38,145 INFO  [HandOverAcceptance] dropdown value is selected successfully 
2016-10-13 11:56:38,847 INFO  [HandOverAcceptance] dropdown value is selected successfully 
2016-10-13 11:56:39,040 INFO  [HandOverAcceptance] handover accepted successfully 
2016-10-13 12:04:26,296 INFO  [HandOverAcceptance] Login credintials inserted successfully 
2016-10-13 12:04:26,360 INFO  [HandOverAcceptance] Login successfully  
2016-10-13 12:04:36,823 INFO  [HandOverAcceptance] Target Page open successfully  
2016-10-13 12:04:37,690 INFO  [HandOverAcceptance] dropdown value is selected successfully 
2016-10-13 12:04:38,442 INFO  [HandOverAcceptance] dropdown value is selected successfully 
2016-10-13 12:04:39,188 INFO  [HandOverAcceptance] dropdown value is selected successfully 
2016-10-13 12:04:40,006 INFO  [HandOverAcceptance] dropdown value is selected successfully 
2016-10-13 12:04:40,989 INFO  [HandOverAcceptance] dropdown value is selected successfully 
2016-10-13 12:04:41,183 INFO  [HandOverAcceptance] handover accepted successfully 
2016-10-13 12:09:35,170 INFO  [HandOverAcceptance] Login credintials inserted successfully 
2016-10-13 12:09:35,239 INFO  [HandOverAcceptance] Login successfully  
2016-10-13 12:09:44,028 INFO  [HandOverAcceptance] Target Page open successfully  
2016-10-13 12:09:44,621 INFO  [HandOverAcceptance] dropdown value is selected successfully 
2016-10-13 12:09:45,299 INFO  [HandOverAcceptance] dropdown value is selected successfully 
2016-10-13 12:09:46,096 INFO  [HandOverAcceptance] dropdown value is selected successfully 
2016-10-13 12:09:47,127 INFO  [HandOverAcceptance] dropdown value is selected successfully 
2016-10-13 12:09:47,823 INFO  [HandOverAcceptance] dropdown value is selected successfully 
2016-10-13 12:09:49,821 INFO  [HandOverAcceptance] submit button working properly 
2016-10-13 12:09:49,880 INFO  [HandOverAcceptance] handover accepted successfully 
2016-10-13 12:15:08,934 INFO  [HandOverAcceptance] Login credintials inserted successfully 
2016-10-13 12:15:14,600 INFO  [HandOverAcceptance] Login credintials inserted successfully 
2016-10-13 12:15:14,662 INFO  [HandOverAcceptance] Login successfully  
2016-10-13 12:15:25,342 INFO  [HandOverAcceptance] Target Page open successfully  
2016-10-13 12:15:26,015 INFO  [HandOverAcceptance] dropdown value is selected successfully 
2016-10-13 12:15:26,959 INFO  [HandOverAcceptance] dropdown value is selected successfully 
2016-10-13 12:15:27,740 INFO  [HandOverAcceptance] dropdown value is selected successfully 
2016-10-13 12:15:28,789 INFO  [HandOverAcceptance] dropdown value is selected successfully 
2016-10-13 12:15:39,063 INFO  [HandOverAcceptance] dropdown value not selected 
2016-10-13 12:15:41,407 INFO  [HandOverAcceptance] submit button working properly 
2016-10-13 12:15:41,465 INFO  [HandOverAcceptance] handover accepted successfully 
2016-10-13 12:15:51,562 INFO  [HandOverAcceptance] dropdown value not selected 
2016-10-13 12:16:01,711 INFO  [HandOverAcceptance] dropdown value not selected 
2016-10-13 12:16:11,816 INFO  [HandOverAcceptance] dropdown value not selected 
2016-10-13 12:16:21,982 INFO  [HandOverAcceptance] dropdown value not selected 
2016-10-13 12:16:32,060 INFO  [HandOverAcceptance] dropdown value not selected 
2016-10-13 12:16:35,931 INFO  [HandOverAcceptance] submit button working properly 
2016-10-13 12:16:36,091 INFO  [HandOverAcceptance] handover is not accepted 
2016-10-13 12:16:36,770 INFO  [HandOverAcceptance] Screenshot taken:Test Case failed 
2016-10-13 12:29:56,031 INFO  [HandOverAcceptance] Login credintials inserted successfully 
2016-10-13 12:29:56,065 INFO  [HandOverAcceptance] Login successfully  
2016-10-13 12:30:12,411 INFO  [HandOverAcceptance] Target Page open successfully  
2016-10-13 12:30:13,009 INFO  [HandOverAcceptance] dropdown value is selected successfully 
2016-10-13 12:30:13,849 INFO  [HandOverAcceptance] dropdown value is selected successfully 
2016-10-13 12:30:24,163 INFO  [HandOverAcceptance] dropdown value not selected 
2016-10-13 12:30:34,304 INFO  [HandOverAcceptance] dropdown value not selected 
2016-10-13 12:30:44,382 INFO  [HandOverAcceptance] dropdown value not selected 
2016-10-13 12:30:47,089 INFO  [HandOverAcceptance] submit button working properly 
2016-10-13 12:30:47,121 INFO  [HandOverAcceptance] handover accepted successfully 
2016-10-13 12:30:53,483 INFO  [HandOverAcceptance] Login credintials inserted successfully 
2016-10-13 12:30:53,515 INFO  [HandOverAcceptance] Login successfully  
2016-10-13 12:31:04,769 INFO  [HandOverAcceptance] Target Page open successfully  
2016-10-13 12:31:15,209 INFO  [HandOverAcceptance] dropdown value not selected 
2016-10-13 12:31:25,352 INFO  [HandOverAcceptance] dropdown value not selected 
2016-10-13 12:31:35,487 INFO  [HandOverAcceptance] dropdown value not selected 
2016-10-13 12:31:45,616 INFO  [HandOverAcceptance] dropdown value not selected 
2016-10-13 12:31:55,717 INFO  [HandOverAcceptance] dropdown value not selected 
2016-10-13 12:31:57,729 INFO  [HandOverAcceptance] submit button working properly 
2016-10-13 12:31:57,935 INFO  [HandOverAcceptance] handover is not accepted 
2016-10-13 12:31:58,483 INFO  [HandOverAcceptance] Screenshot taken:Test Case failed 
2016-10-13 12:45:10,896 INFO  [HandOverAcceptance] Login credintials inserted successfully 
2016-10-13 12:45:10,966 INFO  [HandOverAcceptance] Login successfully  
2016-10-13 12:45:25,638 INFO  [HandOverAcceptance] Target Page open successfully  
2016-10-13 12:45:36,095 INFO  [HandOverAcceptance] dropdown value not selected 
2016-10-13 12:45:46,245 INFO  [HandOverAcceptance] dropdown value not selected 
2016-10-13 12:45:56,345 INFO  [HandOverAcceptance] dropdown value not selected 
2016-10-13 12:46:06,464 INFO  [HandOverAcceptance] dropdown value not selected 
2016-10-13 12:46:16,581 INFO  [HandOverAcceptance] dropdown value not selected 
2016-10-13 12:46:18,860 INFO  [HandOverAcceptance] submit button working properly 
2016-10-13 12:46:18,944 INFO  [HandOverAcceptance] handover is not accepted 
2016-10-13 12:46:19,589 INFO  [HandOverAcceptance] Screenshot taken:Test Case failed 
2016-10-13 12:48:32,696 INFO  [HandOverAcceptance] Login credintials inserted successfully 
2016-10-13 12:48:32,726 INFO  [HandOverAcceptance] Login successfully  
2016-10-13 12:48:41,632 INFO  [HandOverAcceptance] Target Page open successfully  
2016-10-13 12:48:52,128 INFO  [HandOverAcceptance] dropdown value not selected 
2016-10-13 12:49:02,261 INFO  [HandOverAcceptance] dropdown value not selected 
2016-10-13 12:49:12,352 INFO  [HandOverAcceptance] dropdown value not selected 
2016-10-13 12:49:22,464 INFO  [HandOverAcceptance] dropdown value not selected 
2016-10-13 12:49:32,549 INFO  [HandOverAcceptance] dropdown value not selected 
2016-10-13 12:49:34,188 INFO  [HandOverAcceptance] submit button working properly 
2016-10-13 12:49:34,345 INFO  [HandOverAcceptance] handover is not accepted 
2016-10-13 12:49:34,905 INFO  [HandOverAcceptance] Screenshot taken:Test Case failed 
2016-10-13 12:55:52,394 INFO  [HandOverAcceptance] Login credintials inserted successfully 
2016-10-13 12:55:52,426 INFO  [HandOverAcceptance] Login successfully  
2016-10-13 12:56:01,484 INFO  [HandOverAcceptance] Target Page open successfully  
2016-10-13 12:56:11,636 INFO  [HandOverAcceptance] dropdown value not selected 
2016-10-13 12:56:21,741 INFO  [HandOverAcceptance] dropdown value not selected 
2016-10-13 12:56:31,824 INFO  [HandOverAcceptance] dropdown value not selected 
2016-10-13 12:56:41,888 INFO  [HandOverAcceptance] dropdown value not selected 
2016-10-13 12:56:51,953 INFO  [HandOverAcceptance] dropdown value not selected 
2016-10-13 12:56:53,903 INFO  [HandOverAcceptance] submit button working properly 
2016-10-13 12:56:53,968 INFO  [HandOverAcceptance] handover is not accepted 
2016-10-13 12:56:54,589 INFO  [HandOverAcceptance] Screenshot taken:Test Case failed 
2016-10-13 13:03:01,082 INFO  [HandOverAcceptance] Login credintials inserted successfully 
2016-10-13 13:04:14,324 INFO  [HandOverAcceptance] Login credintials inserted successfully 
2016-10-13 13:04:21,896 INFO  [HandOverAcceptance] Login credintials inserted successfully 
2016-10-13 14:27:15,338 INFO  [HandOverAcceptance] Login credintials inserted successfully 
2016-10-13 14:27:23,839 INFO  [HandOverAcceptance] Login credintials inserted successfully 
2016-10-13 14:31:08,247 INFO  [HandOverAcceptance] Login credintials inserted successfully 
2016-10-13 14:31:08,278 INFO  [HandOverAcceptance] Login successfully  
2016-10-13 14:31:17,553 INFO  [HandOverAcceptance] Target Page open successfully  
2016-10-13 14:31:27,716 INFO  [HandOverAcceptance] dropdown value not selected 
2016-10-13 14:31:37,839 INFO  [HandOverAcceptance] dropdown value not selected 
2016-10-13 14:31:47,963 INFO  [HandOverAcceptance] dropdown value not selected 
2016-10-13 14:31:58,109 INFO  [HandOverAcceptance] dropdown value not selected 
2016-10-13 14:32:08,257 INFO  [HandOverAcceptance] dropdown value not selected 
2016-10-13 14:32:10,108 INFO  [HandOverAcceptance] submit button working properly 
2016-10-13 14:32:10,262 INFO  [HandOverAcceptance] handover is not accepted 
2016-10-13 14:32:10,817 INFO  [HandOverAcceptance] Screenshot taken:Test Case failed 
2016-10-13 14:32:58,535 INFO  [HandOverAcceptance] Login credintials inserted successfully 
2016-10-13 14:32:58,568 INFO  [HandOverAcceptance] Login successfully  
2016-10-13 14:33:07,250 INFO  [HandOverAcceptance] Target Page open successfully  
2016-10-13 14:33:17,611 INFO  [HandOverAcceptance] dropdown value not selected 
2016-10-13 14:33:27,718 INFO  [HandOverAcceptance] dropdown value not selected 
2016-10-13 14:33:37,835 INFO  [HandOverAcceptance] dropdown value not selected 
2016-10-13 14:33:47,945 INFO  [HandOverAcceptance] dropdown value not selected 
2016-10-13 14:33:58,074 INFO  [HandOverAcceptance] dropdown value not selected 
2016-10-13 14:34:00,124 INFO  [HandOverAcceptance] submit button working properly 
2016-10-13 14:34:00,288 INFO  [HandOverAcceptance] handover is not accepted 
2016-10-13 14:34:00,815 INFO  [HandOverAcceptance] Screenshot taken:Test Case failed 
2016-10-13 17:53:59,888 INFO  [Resignation] Login successfully  
2016-10-13 17:54:10,389 INFO  [Resignation] Screenshot taken:Test Case failed 
2016-10-13 17:54:20,546 INFO  [Resignation] submit button not found 
2016-10-13 17:55:59,818 INFO  [Resignation] Login successfully  
2016-10-13 17:56:10,255 INFO  [Resignation] Screenshot taken:Test Case failed 
2016-10-13 17:56:20,320 INFO  [Resignation] submit button not found 
2016-10-13 17:57:14,199 INFO  [Resignation] submit button not found 
2016-10-13 17:59:38,960 INFO  [Resignation] Login successfully  
2016-10-13 17:59:49,417 INFO  [Resignation] Screenshot taken:Test Case failed 
2016-10-13 17:59:59,536 INFO  [Resignation] submit button not found 
2016-10-13 18:06:13,052 INFO  [Resignation] Login credintials inserted successfully 
2016-10-13 18:06:13,195 INFO  [Resignation] Login successfully  
2016-10-13 18:06:26,317 INFO  [Resignation] Target Page open successfully  
2016-10-13 18:06:27,096 INFO  [Resignation] submit button clicked 
2016-10-14 11:40:17,707 INFO  [CourseMaster] course master page open 2nd 
2016-10-14 11:40:26,381 INFO  [CourseMaster] course master Page open successfully 
2016-10-14 12:47:22,622 INFO  [CourseMaster] course master page open 2nd 
2016-10-14 12:47:32,533 INFO  [CourseMaster] course master Page open successfully 
2016-10-14 12:53:30,714 INFO  [CourseMaster] course master page open 2nd 
2016-10-14 12:53:41,049 INFO  [CourseMaster] course master Page open successfully 
2016-10-14 12:56:12,266 INFO  [CourseMaster] course master page open 2nd 
2016-10-14 12:56:22,227 INFO  [CourseMaster] course master Page open successfully 
2016-10-14 13:03:37,380 INFO  [CourseMaster] course master page open 2nd 
2016-10-14 13:03:46,476 INFO  [CourseMaster] course master Page open successfully 
2016-10-14 14:12:19,441 INFO  [CourseMaster] course master page open 2nd 
2016-10-14 14:12:29,007 INFO  [CourseMaster] course master Page open successfully 
2016-10-14 14:16:12,219 INFO  [CourseMaster] course master page open 2nd 
2016-10-14 14:16:25,307 INFO  [CourseMaster] course master Page open successfully 
2016-10-14 14:23:56,471 INFO  [CourseMaster] course master page open 2nd 
2016-10-14 14:24:05,591 INFO  [CourseMaster] course master Page open successfully 
2016-10-14 14:26:23,482 INFO  [CourseMaster] course master page open 2nd 
2016-10-14 14:26:32,541 INFO  [CourseMaster] course master Page open successfully 
2016-10-14 14:44:24,702 INFO  [CourseMaster] course master page open 2nd 
2016-10-14 14:44:34,578 INFO  [CourseMaster] course master Page open successfully 
2016-10-14 15:42:32,558 INFO  [ScheduleMaster] Login successfully  
2016-10-14 15:44:37,325 INFO  [ScheduleMaster] Login successfully  
2016-10-14 15:45:44,759 INFO  [ScheduleMaster] Login successfully  
2016-10-14 15:45:52,215 INFO  [ScheduleMaster] Target Page open successfully  
2016-10-14 15:46:00,298 INFO  [ScheduleMaster] search functionality is working properly 
2016-10-14 15:47:23,030 INFO  [ScheduleMaster] Login successfully  
2016-10-14 15:47:30,085 INFO  [ScheduleMaster] Target Page open successfully  
2016-10-14 15:50:04,435 INFO  [ScheduleMaster] Login successfully  
2016-10-14 15:50:11,020 INFO  [ScheduleMaster] Target Page open successfully  
2016-10-14 16:15:17,190 INFO  [ScheduleMaster] Login successfully  
2016-10-14 16:15:24,536 INFO  [ScheduleMaster] Target Page open successfully  
2016-10-14 16:15:33,267 INFO  [ScheduleMaster] search functionality is not working properly 
2016-10-14 18:43:37,553 INFO  [ScheduleMaster] Login successfully  
2016-10-14 18:43:45,057 INFO  [ScheduleMaster] Target Page open successfully  
2016-10-14 18:43:55,360 INFO  [ScheduleMaster] search functionality is working properly 
2016-10-17 10:25:57,676 INFO  [Resignation] Login credintials inserted successfully 
2016-10-17 10:25:57,769 INFO  [Resignation] Login successfully  
2016-10-17 10:26:17,334 INFO  [Resignation] Screenshot taken:Test Case failed 
2016-10-17 10:26:27,416 INFO  [Resignation] submit button not found 
2016-10-17 10:26:37,559 INFO  [Resignation] submit button not found 
2016-10-17 10:26:50,074 INFO  [Resignation] Screenshot taken:Test Case failed 
2016-10-17 10:27:04,747 INFO  [ResignationApproval] Login credintials inserted successfully 
2016-10-17 10:27:04,819 INFO  [ResignationApproval] Login successfully  
2016-10-17 10:27:17,271 INFO  [ResignationApproval] Target Page open successfully  
2016-10-17 10:30:23,893 INFO  [ResignationApproval] resignation employee not found 
2016-10-17 10:30:34,099 INFO  [ResignationApproval] request approved or reject successfully 
2016-10-17 10:30:56,680 INFO  [ExitForm] Login credintials inserted successfully 
2016-10-17 10:30:56,753 INFO  [ExitForm] Login successfully  
2016-10-17 10:31:17,148 INFO  [ExitForm] exit form already filled 
2016-10-17 10:31:30,254 INFO  [ExitInterview] Login credintials inserted successfully 
2016-10-17 10:31:30,314 INFO  [ExitInterview] Login successfully  
2016-10-17 10:31:41,569 INFO  [ExitInterview] Target Page open successfully  
2016-10-17 10:31:42,291 INFO  [ExitInterview] dropdown value selected successfully 
2016-10-17 10:31:49,293 INFO  [ExitInterview] Screenshot taken:Test Case failed 
2016-10-17 10:35:00,151 INFO  [ExitInterview] Screenshot taken:Test Case failed 
2016-10-17 10:35:16,642 INFO  [LWD] Login credintials inserted successfully 
2016-10-17 10:35:16,700 INFO  [LWD] Login successfully  
2016-10-17 10:35:31,648 INFO  [LWD] Target Page open successfully  
2016-10-17 10:35:33,096 INFO  [LWD] dropdown value selected successfully 
2016-10-17 10:35:38,642 INFO  [LWD] Resignation employee page open successfully 
2016-10-17 10:35:46,319 INFO  [LWD] LWD Update successfully 
2016-10-17 10:35:59,749 INFO  [HandOverRequest] Login credintials inserted successfully 
2016-10-17 10:35:59,783 INFO  [HandOverRequest] Login successfully  
2016-10-17 10:36:13,422 INFO  [HandOverRequest] Target Page open successfully  
2016-10-17 10:36:14,141 INFO  [HandOverRequest] dropdown value is selected successfully 
2016-10-17 10:36:14,851 INFO  [HandOverRequest] dropdown value is selected successfully 
2016-10-17 10:36:35,506 INFO  [HandOverRequest] dropdown value not selected 
2016-10-17 10:36:36,326 INFO  [HandOverRequest] dropdown value is selected successfully 
2016-10-17 10:36:56,824 INFO  [HandOverRequest] dropdown value not selected 
2016-10-17 10:36:58,894 INFO  [HandOverRequest] submit button working properly 
2016-10-17 10:36:58,985 INFO  [HandOverRequest] handover is not submited 
2016-10-17 10:36:59,808 INFO  [HandOverRequest] Screenshot taken:Test Case failed 
2016-10-17 10:37:16,409 INFO  [HandOverAcceptance] Login credintials inserted successfully 
2016-10-17 10:37:16,516 INFO  [HandOverAcceptance] Login successfully  
2016-10-17 10:37:31,708 INFO  [HandOverAcceptance] Target Page open successfully  
2016-10-17 10:37:41,939 INFO  [HandOverAcceptance] dropdown value not selected 
2016-10-17 10:37:52,042 INFO  [HandOverAcceptance] dropdown value not selected 
2016-10-17 10:38:02,184 INFO  [HandOverAcceptance] dropdown value not selected 
2016-10-17 10:38:12,329 INFO  [HandOverAcceptance] dropdown value not selected 
2016-10-17 10:38:22,460 INFO  [HandOverAcceptance] dropdown value not selected 
2016-10-17 10:38:26,101 INFO  [HandOverAcceptance] submit button working properly 
2016-10-17 10:38:26,191 INFO  [HandOverAcceptance] handover is not accepted 
2016-10-17 10:38:26,839 INFO  [HandOverAcceptance] Screenshot taken:Test Case failed 
2016-10-17 10:58:56,050 INFO  [ExitForm] Login credintials inserted successfully 
2016-10-17 10:58:56,115 INFO  [ExitForm] Login successfully  
2016-10-17 10:59:14,977 INFO  [ExitForm] Screenshot taken:Test Case failed 
2016-10-17 11:03:02,859 INFO  [Resignation] Login credintials inserted successfully 
2016-10-17 11:03:02,977 INFO  [Resignation] Login successfully  
2016-10-17 11:03:14,292 INFO  [Resignation] Target Page open successfully  
2016-10-17 11:03:14,506 INFO  [Resignation] submit button clicked 
2016-10-17 11:03:24,631 INFO  [Resignation] submit button not found 
2016-10-17 11:03:36,105 INFO  [Resignation] Screenshot taken:Test Case failed 
2016-10-17 11:25:19,808 INFO  [ScheduleMaster] Login successfully  
2016-10-17 11:25:28,768 INFO  [ScheduleMaster] Target Page open successfully  
2016-10-17 11:26:35,882 INFO  [ScheduleMaster] Login successfully  
2016-10-17 11:26:43,769 INFO  [ScheduleMaster] Target Page open successfully  
2016-10-17 11:29:36,369 INFO  [ScheduleMaster] Login successfully  
2016-10-17 11:29:44,660 INFO  [ScheduleMaster] Target Page open successfully  
2016-10-17 11:31:47,462 INFO  [ScheduleMaster] Login successfully  
2016-10-17 11:31:56,001 INFO  [ScheduleMaster] Target Page open successfully  
2016-10-17 11:35:09,341 INFO  [ScheduleMaster] Login successfully  
2016-10-17 11:35:17,178 INFO  [ScheduleMaster] Target Page open successfully  
2016-10-17 11:44:27,484 INFO  [ScheduleMaster] Login successfully  
2016-10-17 11:46:41,070 INFO  [ScheduleMaster] Login successfully  
2016-10-17 11:46:49,285 INFO  [ScheduleMaster] Target Page open successfully  
2016-10-17 11:48:42,631 INFO  [ScheduleMaster] Login successfully  
2016-10-17 11:48:49,698 INFO  [ScheduleMaster] Target Page open successfully  
2016-10-17 11:52:59,302 INFO  [ScheduleMaster] Login successfully  
2016-10-17 11:53:06,003 INFO  [ScheduleMaster] Target Page open successfully  
2016-10-17 11:54:11,340 INFO  [ScheduleMaster] Login successfully  
2016-10-17 11:54:17,903 INFO  [ScheduleMaster] Target Page open successfully  
2016-10-17 11:58:53,601 INFO  [ScheduleMaster] Login successfully  
2016-10-17 11:59:00,917 INFO  [ScheduleMaster] Target Page open successfully  
2016-10-17 12:02:04,579 INFO  [ScheduleMaster] Login successfully  
2016-10-17 12:02:12,365 INFO  [ScheduleMaster] Target Page open successfully  
2016-10-17 12:03:39,828 INFO  [ScheduleMaster] Login successfully  
2016-10-17 12:03:48,459 INFO  [ScheduleMaster] Target Page open successfully  
2016-10-17 12:05:39,888 INFO  [ScheduleMaster] Login successfully  
2016-10-17 12:05:47,115 INFO  [ScheduleMaster] Target Page open successfully  
2016-10-17 12:13:53,265 INFO  [ScheduleMaster] Login successfully  
2016-10-17 12:14:00,021 INFO  [ScheduleMaster] Target Page open successfully  
2016-10-17 12:15:40,796 INFO  [ScheduleMaster] Login successfully  
2016-10-17 12:23:45,246 INFO  [ScheduleMaster] Login successfully  
2016-10-17 12:23:53,471 INFO  [ScheduleMaster] Target Page open successfully  
2016-10-17 12:27:43,227 INFO  [ScheduleMaster] Login successfully  
2016-10-17 12:27:52,470 INFO  [ScheduleMaster] Target Page open successfully  
2016-10-17 12:32:16,735 INFO  [ScheduleMaster] Login successfully  
2016-10-17 12:32:23,609 INFO  [ScheduleMaster] Target Page open successfully  
2016-10-17 18:56:21,106 INFO  [ScheduleMaster] Login successfully  
2016-10-17 18:56:31,311 INFO  [ScheduleMaster] Target Page open successfully  
2016-10-17 18:56:45,696 INFO  [ScheduleMaster] record updated successfully 
2016-10-17 18:59:09,597 INFO  [ScheduleMaster] Login successfully  
2016-10-17 18:59:17,805 INFO  [ScheduleMaster] Target Page open successfully  
2016-10-17 18:59:33,058 INFO  [ScheduleMaster] record updated successfully 
2016-10-17 19:01:51,681 INFO  [ScheduleMaster] Login successfully  
2016-10-17 19:02:04,101 INFO  [ScheduleMaster] Target Page open successfully  
2016-10-17 19:04:34,755 INFO  [ScheduleMaster] Login successfully  
2016-10-17 19:05:23,164 INFO  [ScheduleMaster] Login successfully  
2016-10-17 19:05:37,721 INFO  [ScheduleMaster] Target Page open successfully  
2016-10-17 19:10:43,085 INFO  [ScheduleMaster] Login successfully  
2016-10-17 19:10:53,389 INFO  [ScheduleMaster] Target Page open successfully  
2016-10-17 19:11:24,823 INFO  [ScheduleMaster] new data added successfully 
2016-10-17 19:13:47,813 INFO  [ScheduleMaster] Login successfully  
2016-10-17 19:13:57,038 INFO  [ScheduleMaster] Target Page open successfully  
2016-10-17 19:18:57,209 INFO  [ScheduleMaster] Login successfully  
2016-10-17 19:19:06,595 INFO  [ScheduleMaster] Target Page open successfully  
2016-10-17 19:19:39,951 INFO  [ScheduleMaster] duplicate data or missing data 
2016-10-18 09:59:25,598 INFO  [ScheduleMaster] Login successfully  
2016-10-18 09:59:37,078 INFO  [ScheduleMaster] Target Page open successfully  
2016-10-18 09:59:53,156 INFO  [ScheduleMaster] search functionality is working properly 
2016-10-18 10:00:04,009 INFO  [ScheduleMaster] Functionality of clear button is working properly 
2016-10-18 10:00:14,052 INFO  [ScheduleMaster] record updated successfully 
2016-10-18 10:04:06,620 INFO  [ScheduleMaster] Login successfully  
2016-10-18 10:04:13,568 INFO  [ScheduleMaster] Target Page open successfully  
2016-10-18 10:04:26,232 INFO  [ScheduleMaster] record updated successfully 
2016-10-18 10:07:00,009 INFO  [ScheduleMaster] Login successfully  
2016-10-18 10:07:07,372 INFO  [ScheduleMaster] Target Page open successfully  
2016-10-18 10:08:37,310 INFO  [ScheduleMaster] Login successfully  
2016-10-18 10:08:45,241 INFO  [ScheduleMaster] Target Page open successfully  
2016-10-18 10:08:58,798 INFO  [ScheduleMaster] record not updated 
2016-10-18 10:17:10,071 INFO  [ScheduleMaster] Login successfully  
2016-10-18 10:17:20,009 INFO  [ScheduleMaster] Target Page open successfully  
2016-10-18 10:17:28,500 INFO  [ScheduleMaster] search functionality is working properly 
2016-10-18 10:17:38,687 INFO  [ScheduleMaster] Functionality of clear button is working properly 
2016-10-18 10:17:48,919 INFO  [ScheduleMaster] record not updated 
2016-10-18 10:18:17,867 INFO  [ScheduleMaster] duplicate data or missing data 
2016-10-18 10:20:16,155 INFO  [ScheduleMaster] Login successfully  
2016-10-18 10:20:22,832 INFO  [ScheduleMaster] Target Page open successfully  
2016-10-18 10:20:31,481 INFO  [ScheduleMaster] search functionality is working properly 
2016-10-18 10:20:42,778 INFO  [ScheduleMaster] Functionality of clear button is working properly 
2016-10-18 10:20:54,966 INFO  [ScheduleMaster] record not updated 
2016-10-18 10:21:22,361 INFO  [ScheduleMaster] new data added successfully 
2016-10-18 17:04:23,850 INFO  [CourseMaster] course master page open 2nd 
2016-10-18 17:04:33,105 INFO  [CourseMaster] course master Page open successfully 
2016-10-18 17:07:52,042 INFO  [CourseMaster] course master page open 2nd 
2016-10-18 17:08:00,875 INFO  [CourseMaster] course master Page open successfully 
2016-10-18 17:10:35,082 INFO  [CourseMaster] course master page open 2nd 
2016-10-18 17:10:45,021 INFO  [CourseMaster] course master Page open successfully 
2016-10-18 17:12:15,936 INFO  [CourseMaster] course master page open 2nd 
2016-10-18 17:12:24,279 INFO  [CourseMaster] course master Page open successfully 
2016-10-18 17:16:12,531 INFO  [CourseMaster] course master page open 2nd 
2016-10-18 17:16:21,603 INFO  [CourseMaster] course master Page open successfully 
2016-10-18 17:22:28,785 INFO  [CourseMaster] course master page open 2nd 
2016-10-18 17:22:38,155 INFO  [CourseMaster] course master Page open successfully 
2016-10-18 17:25:02,090 INFO  [CourseMaster] course master page open 2nd 
2016-10-18 17:25:11,687 INFO  [CourseMaster] course master Page open successfully 
2016-10-18 17:27:34,104 INFO  [CourseMaster] course master page open 2nd 
2016-10-18 17:27:42,617 INFO  [CourseMaster] course master Page open successfully 
2016-10-18 17:32:36,653 INFO  [CourseMaster] course master page open 2nd 
2016-10-18 17:32:47,003 INFO  [CourseMaster] course master Page open successfully 
2016-10-19 10:34:13,973 INFO  [ScheduleMapping] Login successfully  
2016-10-19 10:34:26,333 INFO  [ScheduleMapping] Target Page open successfully  
2016-10-19 10:34:39,123 INFO  [ScheduleMapping] search functionality is working properly 
2016-10-19 10:34:45,323 INFO  [ScheduleMapping] Functionality of clear button is not working properly 
2016-10-19 10:38:54,340 INFO  [ScheduleMapping] Login successfully  
2016-10-19 10:39:03,691 INFO  [ScheduleMapping] Target Page open successfully  
2016-10-19 10:40:24,573 INFO  [ScheduleMapping] Login successfully  
2016-10-19 10:40:37,559 INFO  [ScheduleMapping] Target Page open successfully  
2016-10-19 10:41:50,736 INFO  [ScheduleMapping] Login successfully  
2016-10-19 10:41:58,302 INFO  [ScheduleMapping] Target Page open successfully  
2016-10-19 10:42:09,604 INFO  [ScheduleMapping] search functionality is working properly 
2016-10-19 10:42:15,223 INFO  [ScheduleMapping] Functionality of clear button is not working properly 
2016-10-19 10:49:10,371 INFO  [ScheduleMapping] Login successfully  
2016-10-19 10:49:20,578 INFO  [ScheduleMapping] Target Page open successfully  
2016-10-19 10:49:29,634 INFO  [ScheduleMapping] search functionality is working properly 
2016-10-19 10:49:34,953 INFO  [ScheduleMapping] Functionality of clear button is working properly 
2016-10-19 10:50:50,086 INFO  [ScheduleMapping] Login successfully  
2016-10-19 10:50:59,544 INFO  [ScheduleMapping] Target Page open successfully  
2016-10-19 10:51:07,029 INFO  [ScheduleMapping] search functionality is working properly 
2016-10-19 10:51:12,338 INFO  [ScheduleMapping] Functionality of clear button is working properly 
2016-10-19 10:53:26,405 INFO  [ScheduleMapping] Login successfully  
2016-10-19 10:53:36,379 INFO  [ScheduleMapping] Target Page open successfully  
2016-10-19 10:56:53,667 INFO  [ScheduleMapping] Login successfully  
2016-10-19 10:57:03,343 INFO  [ScheduleMapping] Target Page open successfully  
2016-10-19 10:58:46,369 INFO  [ScheduleMapping] Login successfully  
2016-10-19 10:58:59,923 INFO  [ScheduleMapping] Target Page open successfully  
2016-10-19 10:59:06,312 INFO  [ScheduleMapping] search functionality is working properly 
2016-10-19 10:59:14,620 INFO  [ScheduleMapping] Functionality of clear button is working properly 
2016-10-19 11:03:50,473 INFO  [ScheduleMapping] Login successfully  
2016-10-19 11:04:04,595 INFO  [ScheduleMapping] Target Page open successfully  
2016-10-19 11:04:16,980 INFO  [ScheduleMapping] search functionality is working properly 
2016-10-19 11:04:23,272 INFO  [ScheduleMapping] Functionality of clear button is working properly 
2016-10-19 14:54:45,732 INFO  [ScheduleMapping] Login successfully  
2016-10-19 14:54:57,493 INFO  [ScheduleMapping] Target Page open successfully  
2016-10-19 14:57:27,495 INFO  [ScheduleMapping] Login successfully  
2016-10-19 14:57:42,185 INFO  [ScheduleMapping] Target Page open successfully  
2016-10-19 14:58:20,324 INFO  [ScheduleMapping] open course 
2016-10-19 14:58:24,459 INFO  [ScheduleMapping] search functionality is working properly 
2016-10-19 14:58:39,060 INFO  [ScheduleMapping] page not open : page crashed 
2016-10-19 15:03:05,783 INFO  [ScheduleMapping] Login successfully  
2016-10-19 15:03:16,542 INFO  [ScheduleMapping] Target Page open successfully  
2016-10-19 15:03:54,915 INFO  [ScheduleMapping] open course 
2016-10-19 15:03:59,041 INFO  [ScheduleMapping] search functionality is working properly 
2016-10-19 15:04:13,750 INFO  [ScheduleMapping] page not open : page crashed 
2016-10-19 15:08:53,419 INFO  [ScheduleMapping] Login successfully  
2016-10-19 15:09:02,972 INFO  [ScheduleMapping] Target Page open successfully  
2016-10-19 15:11:03,298 INFO  [ScheduleMapping] Login successfully  
2016-10-19 15:12:10,759 INFO  [ScheduleMapping] Login successfully  
2016-10-19 15:12:23,116 INFO  [ScheduleMapping] Target Page open successfully  
2016-10-19 15:16:08,327 INFO  [ScheduleMapping] Login successfully  
2016-10-19 15:16:21,628 INFO  [ScheduleMapping] Target Page open successfully  
2016-10-19 15:16:29,536 INFO  [ScheduleMapping] search functionality is working properly 
2016-10-19 15:16:35,864 INFO  [ScheduleMapping] Functionality of clear button is working properly 
2016-10-19 15:16:40,032 INFO  [ScheduleMapping] open course 
2016-10-19 15:17:43,799 INFO  [ScheduleMapping] Login successfully  
2016-10-19 15:17:58,224 INFO  [ScheduleMapping] Target Page open successfully  
2016-10-19 15:18:10,611 INFO  [ScheduleMapping] search functionality is working properly 
2016-10-19 15:18:16,891 INFO  [ScheduleMapping] Functionality of clear button is working properly 
2016-10-19 15:18:22,867 INFO  [ScheduleMapping] open course 
2016-10-19 15:18:26,418 INFO  [ScheduleMapping] search functionality is working properly 
2016-10-19 15:18:41,173 INFO  [ScheduleMapping] page not open : page crashed 
2016-10-19 15:21:12,596 INFO  [ScheduleMapping] Login successfully  
2016-10-19 15:21:23,647 INFO  [ScheduleMapping] Target Page open successfully  
2016-10-19 15:21:31,939 INFO  [ScheduleMapping] search functionality is working properly 
2016-10-19 15:21:38,255 INFO  [ScheduleMapping] Functionality of clear button is working properly 
2016-10-19 15:21:43,727 INFO  [ScheduleMapping] open course 
2016-10-19 15:21:47,484 INFO  [ScheduleMapping] search functionality is working properly 
2016-10-19 15:22:02,148 INFO  [ScheduleMapping] page not open : page crashed 
2016-10-19 15:27:38,637 INFO  [ScheduleMapping] Login successfully  
2016-10-19 15:27:50,039 INFO  [ScheduleMapping] Target Page open successfully  
2016-10-19 15:28:02,203 INFO  [ScheduleMapping] open course 
2016-10-19 15:28:05,981 INFO  [ScheduleMapping] search functionality is working properly 
2016-10-19 15:28:20,645 INFO  [ScheduleMapping] page not open : page crashed 
2016-10-19 15:31:37,807 INFO  [ScheduleMapping] Login successfully  
2016-10-19 15:31:52,963 INFO  [ScheduleMapping] Target Page open successfully  
2016-10-19 15:32:01,571 INFO  [ScheduleMapping] open course 
2016-10-19 15:32:05,408 INFO  [ScheduleMapping] search functionality is working properly 
2016-10-19 15:32:20,086 INFO  [ScheduleMapping] page not open : page crashed 
2016-10-19 15:36:42,558 INFO  [ScheduleMapping] Login successfully  
2016-10-19 15:36:50,655 INFO  [ScheduleMapping] Target Page open successfully  
2016-10-19 15:36:57,123 INFO  [ScheduleMapping] open course 
2016-10-19 15:37:01,249 INFO  [ScheduleMapping] search functionality is working properly 
2016-10-19 15:37:16,001 INFO  [ScheduleMapping] page not open : page crashed 
2016-10-19 15:38:57,930 INFO  [ScheduleMapping] Login successfully  
2016-10-19 15:39:09,008 INFO  [ScheduleMapping] Target Page open successfully  
2016-10-19 15:39:19,467 INFO  [ScheduleMapping] open course 
2016-10-19 15:39:23,212 INFO  [ScheduleMapping] search functionality is working properly 
2016-10-19 15:39:40,432 INFO  [ScheduleMapping] Functionality of clear button is working properly 
2016-10-19 15:39:50,567 INFO  [ScheduleMapping] page not open : page crashed 
2016-10-19 15:41:39,212 INFO  [ScheduleMapping] Login successfully  
2016-10-19 15:41:48,616 INFO  [ScheduleMapping] Target Page open successfully  
2016-10-19 15:41:55,659 INFO  [ScheduleMapping] open course 
2016-10-19 15:41:59,463 INFO  [ScheduleMapping] search functionality is working properly 
2016-10-19 15:42:15,018 INFO  [ScheduleMapping] Functionality of clear button is working properly 
2016-10-19 15:42:17,291 INFO  [ScheduleMapping] add new employee page open successfully 
2016-10-19 15:42:35,728 INFO  [ScheduleMapping] Functionality of clear button is working properly 
2016-10-19 15:47:59,838 INFO  [ScheduleMapping] Login successfully  
2016-10-19 15:48:07,079 INFO  [ScheduleMapping] Target Page open successfully  
2016-10-19 15:48:13,505 INFO  [ScheduleMapping] search functionality is working properly 
2016-10-19 15:48:19,808 INFO  [ScheduleMapping] Functionality of clear button is working properly 
2016-10-19 15:48:24,070 INFO  [ScheduleMapping] open course 
2016-10-19 15:48:40,690 INFO  [ScheduleMapping] Functionality of clear button is working properly 
2016-10-19 15:48:42,938 INFO  [ScheduleMapping] add new employee page open successfully 
2016-10-19 15:48:46,381 INFO  [ScheduleMapping] search functionality is working properly 
2016-10-19 15:48:51,687 INFO  [ScheduleMapping] Functionality of clear button is working properly 
2016-10-19 16:14:17,980 INFO  [ScheduleMapping] Login successfully  
2016-10-19 16:14:25,583 INFO  [ScheduleMapping] Target Page open successfully  
2016-10-19 16:14:33,591 INFO  [ScheduleMapping] search functionality is working properly 
2016-10-19 16:14:39,845 INFO  [ScheduleMapping] Functionality of clear button is working properly 
2016-10-19 16:14:43,113 INFO  [ScheduleMapping] open course 
2016-10-19 16:14:59,524 INFO  [ScheduleMapping] Functionality of clear button is working properly 
2016-10-19 16:15:01,779 INFO  [ScheduleMapping] add new employee page open successfully 
2016-10-19 16:15:05,346 INFO  [ScheduleMapping] search functionality is working properly 
2016-10-19 16:15:10,651 INFO  [ScheduleMapping] Functionality of clear button is working properly 
2016-10-19 17:00:30,399 INFO  [ScheduleMapping] Login successfully  
2016-10-19 17:00:39,725 INFO  [ScheduleMapping] Target Page open successfully  
2016-10-19 17:00:47,906 INFO  [ScheduleMapping] search functionality is working properly 
2016-10-19 17:00:54,187 INFO  [ScheduleMapping] Functionality of clear button is working properly 
2016-10-19 17:00:58,536 INFO  [ScheduleMapping] open course 
2016-10-19 17:01:15,015 INFO  [ScheduleMapping] Functionality of clear button is working properly 
2016-10-19 17:01:17,266 INFO  [ScheduleMapping] add new employee page open successfully 
2016-10-19 17:01:20,792 INFO  [ScheduleMapping] search functionality is working properly 
2016-10-19 17:01:26,099 INFO  [ScheduleMapping] Functionality of clear button is working properly 
2016-10-19 17:06:23,001 INFO  [ScheduleMapping] Login successfully  
2016-10-19 17:06:33,352 INFO  [ScheduleMapping] Target Page open successfully  
2016-10-19 17:06:43,121 INFO  [ScheduleMapping] search functionality is working properly 
2016-10-19 17:06:49,401 INFO  [ScheduleMapping] Functionality of clear button is working properly 
2016-10-19 17:06:55,411 INFO  [ScheduleMapping] open course 
2016-10-19 17:07:12,504 INFO  [ScheduleMapping] Functionality of clear button is working properly 
2016-10-19 17:07:14,751 INFO  [ScheduleMapping] add new employee page open successfully 
2016-10-19 17:07:18,194 INFO  [ScheduleMapping] search functionality is working properly 
2016-10-19 17:07:23,505 INFO  [ScheduleMapping] Functionality of clear button is working properly 
2016-10-19 17:08:41,229 INFO  [ScheduleMapping] Login successfully  
2016-10-19 17:08:53,422 INFO  [ScheduleMapping] Target Page open successfully  
2016-10-19 17:09:02,517 INFO  [ScheduleMapping] search functionality is working properly 
2016-10-19 17:09:08,824 INFO  [ScheduleMapping] Functionality of clear button is working properly 
2016-10-19 17:09:12,566 INFO  [ScheduleMapping] open course 
2016-10-19 17:09:29,372 INFO  [ScheduleMapping] Functionality of clear button is working properly 
2016-10-19 17:09:31,644 INFO  [ScheduleMapping] add new employee page open successfully 
2016-10-19 17:09:35,071 INFO  [ScheduleMapping] search functionality is working properly 
2016-10-19 17:09:43,354 INFO  [ScheduleMapping] Functionality of clear button is working properly 
2016-10-19 17:11:59,681 INFO  [ScheduleMapping] Login successfully  
2016-10-19 17:12:09,425 INFO  [ScheduleMapping] Target Page open successfully  
2016-10-19 17:12:18,852 INFO  [ScheduleMapping] open course 
2016-10-19 17:12:21,153 INFO  [ScheduleMapping] add new employee page open successfully 
2016-10-19 17:12:34,713 INFO  [ScheduleMapping] cancel button working properly 
2016-10-19 17:12:37,114 INFO  [ScheduleMapping] employee not selected : page crashed 
2016-10-19 17:15:29,145 INFO  [ScheduleMapping] Login successfully  
2016-10-19 17:15:37,759 INFO  [ScheduleMapping] Target Page open successfully  
2016-10-19 17:15:45,798 INFO  [ScheduleMapping] open course 
2016-10-19 17:15:48,109 INFO  [ScheduleMapping] add new employee page open successfully 
2016-10-19 17:17:30,798 INFO  [ScheduleMapping] Login successfully  
2016-10-19 17:17:40,966 INFO  [ScheduleMapping] Target Page open successfully  
2016-10-19 17:17:48,243 INFO  [ScheduleMapping] open course 
2016-10-19 17:17:50,819 INFO  [ScheduleMapping] add new employee page open successfully 
2016-10-19 17:19:05,295 INFO  [ScheduleMapping] Login successfully  
2016-10-19 17:19:14,502 INFO  [ScheduleMapping] Target Page open successfully  
2016-10-19 17:19:21,694 INFO  [ScheduleMapping] open course 
2016-10-19 17:19:24,265 INFO  [ScheduleMapping] add new employee page open successfully 
2016-10-19 17:20:01,191 INFO  [ScheduleMapping] Login successfully  
2016-10-19 17:20:11,087 INFO  [ScheduleMapping] Target Page open successfully  
2016-10-19 17:20:19,982 INFO  [ScheduleMapping] open course 
2016-10-19 17:20:22,233 INFO  [ScheduleMapping] add new employee page open successfully 
2016-10-19 17:22:30,974 INFO  [ScheduleMapping] Login successfully  
2016-10-19 17:22:42,608 INFO  [ScheduleMapping] Target Page open successfully  
2016-10-19 17:22:51,708 INFO  [ScheduleMapping] open course 
2016-10-19 17:22:54,070 INFO  [ScheduleMapping] add new employee page open successfully 
2016-10-19 17:23:39,040 INFO  [ScheduleMapping] Login successfully  
2016-10-19 17:23:47,099 INFO  [ScheduleMapping] Target Page open successfully  
2016-10-19 17:23:55,684 INFO  [ScheduleMapping] open course 
2016-10-19 17:23:57,957 INFO  [ScheduleMapping] add new employee page open successfully 
2016-10-19 17:26:07,602 INFO  [ScheduleMapping] Login successfully  
2016-10-19 17:26:16,226 INFO  [ScheduleMapping] Target Page open successfully  
2016-10-19 17:26:24,223 INFO  [ScheduleMapping] open course 
2016-10-19 17:26:26,702 INFO  [ScheduleMapping] add new employee page open successfully 
2016-10-19 17:31:29,434 INFO  [ScheduleMapping] Login successfully  
2016-10-19 17:31:38,231 INFO  [ScheduleMapping] Target Page open successfully  
2016-10-19 17:31:51,124 INFO  [ScheduleMapping] open course 
2016-10-19 17:31:53,573 INFO  [ScheduleMapping] add new employee page open successfully 
2016-10-19 17:32:06,492 INFO  [ScheduleMapping] cancel button working properly 
2016-10-19 17:32:08,796 INFO  [ScheduleMapping] employee not selected : page crashed 
2016-10-19 17:35:17,026 INFO  [ScheduleMapping] Login successfully  
2016-10-19 17:35:25,509 INFO  [ScheduleMapping] Target Page open successfully  
2016-10-19 17:35:32,543 INFO  [ScheduleMapping] open course 
2016-10-19 17:35:34,801 INFO  [ScheduleMapping] add new employee page open successfully 
2016-10-19 17:35:37,495 INFO  [ScheduleMapping] ok button working properly 
2016-10-19 17:35:41,037 INFO  [ScheduleMapping] employee not selected : page crashed 
2016-10-19 18:29:31,541 INFO  [ScheduleMapping] Login successfully  
2016-10-19 18:29:39,844 INFO  [ScheduleMapping] Target Page open successfully  
2016-10-19 18:29:46,728 INFO  [ScheduleMapping] search functionality is working properly 
2016-10-19 18:29:53,044 INFO  [ScheduleMapping] Functionality of clear button is working properly 
2016-10-19 18:29:57,543 INFO  [ScheduleMapping] open course 
2016-10-19 18:30:14,090 INFO  [ScheduleMapping] Functionality of clear button is working properly 
2016-10-19 18:30:16,477 INFO  [ScheduleMapping] add new employee page open successfully 
2016-10-19 18:30:19,941 INFO  [ScheduleMapping] search functionality is working properly 
2016-10-19 18:30:28,241 INFO  [ScheduleMapping] Functionality of clear button is working properly 
2016-10-19 18:30:30,800 INFO  [ScheduleMapping] ok button working properly 
2016-10-19 18:30:35,250 INFO  [ScheduleMapping] employee selected successfully for mapping 
2016-10-19 18:30:41,851 INFO  [ScheduleMapping] send mail is not working properly 
2016-10-21 14:29:45,780 INFO  [TrainingAcceptance] Login successfully  
2016-10-21 14:29:55,956 INFO  [TrainingAcceptance] Target Page open successfully  
2016-10-21 14:48:55,504 INFO  [TrainingAcceptance] Login successfully  
2016-10-21 14:49:59,646 INFO  [TrainingAcceptance] Login successfully  
2016-10-21 14:50:11,370 INFO  [TrainingAcceptance] Target Page open successfully  
2016-10-21 14:50:20,270 INFO  [TrainingAcceptance] search functionality is working properly 
2016-10-21 14:50:26,555 INFO  [TrainingAcceptance] Functionality of clear button is working properly 
2016-10-21 14:50:33,444 INFO  [TrainingAcceptance] Functionality of previous history button is working properly 
2016-10-21 14:54:06,878 INFO  [TrainingAcceptance] Login successfully  
2016-10-21 14:54:13,891 INFO  [TrainingAcceptance] Target Page open successfully  
2016-10-21 14:54:20,320 INFO  [TrainingAcceptance] search functionality is working properly 
2016-10-21 14:54:26,575 INFO  [TrainingAcceptance] Functionality of clear button is working properly 
2016-10-21 14:54:33,510 INFO  [TrainingAcceptance] Functionality of previous history button is working properly 
2016-10-21 14:54:37,182 INFO  [TrainingAcceptance] record not found 
2016-10-21 14:58:04,335 INFO  [TrainingAcceptance] Login successfully  
2016-10-21 14:58:11,289 INFO  [TrainingAcceptance] Target Page open successfully  
2016-10-21 14:58:17,538 INFO  [TrainingAcceptance] search functionality is working properly 
2016-10-21 14:58:23,803 INFO  [TrainingAcceptance] Functionality of clear button is working properly 
2016-10-21 14:58:30,693 INFO  [TrainingAcceptance] Functionality of previous history button is working properly 
2016-10-21 14:58:34,383 INFO  [TrainingAcceptance] record not found 
2016-10-21 15:05:55,785 INFO  [TrainingAcceptance] Login successfully  
2016-10-21 15:06:03,662 INFO  [TrainingAcceptance] Target Page open successfully  
2016-10-21 15:06:09,795 INFO  [TrainingAcceptance] search functionality is working properly 
2016-10-21 15:06:16,082 INFO  [TrainingAcceptance] Functionality of clear button is working properly 
2016-10-21 15:06:22,950 INFO  [TrainingAcceptance] Functionality of previous history button is working properly 
2016-10-21 15:06:26,475 INFO  [TrainingAcceptance] record found 
2016-10-21 15:06:26,687 INFO  [TrainingAcceptance] record Rejected successfully 
2016-10-21 15:06:26,898 INFO  [TrainingAcceptance] record proceed successfully 
2016-10-21 20:11:16,598 INFO  [TrainingTest] Login successfully  
2016-10-21 20:11:24,457 INFO  [TrainingTest] Target Page open successfully  
2016-10-21 20:11:45,295 INFO  [TrainingTest] search functionality is working properly 
2016-10-21 20:11:54,752 INFO  [TrainingTest] test start button is not working 
2016-10-21 20:27:11,940 INFO  [TrainingTest] Login successfully  
2016-10-21 20:27:19,156 INFO  [TrainingTest] Target Page open successfully  
2016-10-21 20:27:39,884 INFO  [TrainingTest] search functionality is working properly 
2016-10-21 20:27:49,168 INFO  [TrainingTest] test start button is not working 
2016-10-21 20:30:52,418 INFO  [TrainingTest] Login successfully  
2016-10-21 20:31:00,591 INFO  [TrainingTest] Target Page open successfully  
2016-10-21 20:31:09,208 INFO  [TrainingTest] search functionality is working properly 
2016-10-21 20:31:17,523 INFO  [TrainingTest] Functionality of clear button is working properly 
2016-10-21 20:31:18,305 INFO  [TrainingTest] test start button is not working 
2016-10-21 20:33:30,734 INFO  [TrainingTest] Login successfully  
2016-10-21 20:33:38,307 INFO  [TrainingTest] Target Page open successfully  
2016-10-21 20:33:46,232 INFO  [TrainingTest] search functionality is working properly 
2016-10-21 20:33:54,261 INFO  [TrainingTest] Functionality of clear button is working properly 
2016-10-21 20:33:57,129 INFO  [TrainingTest] clicked test start button : test started 
2016-10-21 20:34:01,892 INFO  [TrainingTest] clicked on next button successfully 
2016-10-21 20:34:04,593 INFO  [TrainingTest] clicked on next button successfully 
2016-10-21 20:34:06,519 INFO  [TrainingTest] clicked on next button successfully 
2016-10-21 20:34:18,527 INFO  [TrainingTest] clicked on next button successfully 
2016-10-21 20:34:20,138 INFO  [TrainingTest] clicked on next button successfully 
2016-10-21 20:42:23,693 INFO  [TrainingTest] Login successfully  
2016-10-21 20:42:30,212 INFO  [TrainingTest] Target Page open successfully  
2016-10-21 20:42:34,744 INFO  [TrainingTest] clicked test start button : test started 
2016-10-21 20:42:39,291 INFO  [TrainingTest] clicked on next button successfully 
2016-10-21 20:42:41,272 INFO  [TrainingTest] clicked on next button successfully 
2016-10-21 20:42:43,520 INFO  [TrainingTest] clicked on next button successfully 
2016-10-21 20:42:55,573 INFO  [TrainingTest] clicked on next button successfully 
2016-10-21 20:42:57,493 INFO  [TrainingTest] clicked on next button successfully 
2016-10-21 20:53:27,878 INFO  [TrainingTest] Login successfully  
2016-10-21 20:53:36,457 INFO  [TrainingTest] Target Page open successfully  
2016-10-21 20:53:41,421 INFO  [TrainingTest] clicked test start button : test started 
2016-10-21 20:53:45,573 INFO  [TrainingTest] clicked on next button successfully 
2016-10-21 20:53:47,963 INFO  [TrainingTest] clicked on next button successfully 
2016-10-21 20:53:49,787 INFO  [TrainingTest] clicked on next button successfully 
2016-10-21 20:54:02,017 INFO  [TrainingTest] clicked on next button successfully 
2016-10-21 20:58:01,160 INFO  [TrainingTest] Login successfully  
2016-10-21 20:58:09,057 INFO  [TrainingTest] Target Page open successfully  
2016-10-21 20:58:14,652 INFO  [TrainingTest] clicked test start button : test started 
2016-10-21 20:58:19,041 INFO  [TrainingTest] clicked on next button successfully 
2016-10-21 20:58:21,506 INFO  [TrainingTest] clicked on next button successfully 
2016-10-21 20:58:23,839 INFO  [TrainingTest] clicked on next button successfully 
2016-10-21 20:58:36,489 INFO  [TrainingTest] clicked on next button successfully 
2016-10-21 20:58:48,564 INFO  [TrainingTest] clicked on next button successfully 
2016-10-21 20:58:50,881 INFO  [TrainingTest] clicked on next button successfully 
2016-10-21 20:58:53,273 INFO  [TrainingTest] clicked on next button successfully 
2016-10-21 20:58:55,379 INFO  [TrainingTest] clicked on next button successfully 
2016-10-21 21:00:47,829 INFO  [TrainingTest] Login successfully  
2016-10-21 21:00:55,109 INFO  [TrainingTest] Target Page open successfully  
2016-10-21 21:01:03,389 INFO  [TrainingTest] search functionality is working properly 
2016-10-21 21:01:11,489 INFO  [TrainingTest] Functionality of clear button is working properly 
2016-10-21 21:01:14,299 INFO  [TrainingTest] clicked test start button : test started 
2016-10-21 21:01:18,712 INFO  [TrainingTest] clicked on next button successfully 
2016-10-21 21:01:20,885 INFO  [TrainingTest] clicked on next button successfully 
2016-10-21 21:01:23,901 INFO  [TrainingTest] clicked on next button successfully 
2016-10-21 21:01:35,842 INFO  [TrainingTest] clicked on next button successfully 
2016-10-21 21:01:49,209 INFO  [TrainingTest] clicked on next button successfully 
2016-10-21 21:01:52,305 INFO  [TrainingTest] clicked on next button successfully 
2016-10-21 21:01:54,136 INFO  [TrainingTest] clicked on next button successfully 
2016-10-21 21:01:56,446 INFO  [TrainingTest] clicked on next button successfully 
2016-10-21 21:02:08,417 INFO  [TrainingTest] clicked on next button successfully 
2016-10-21 21:02:10,976 INFO  [TrainingTest] clicked on next button successfully 
2016-10-21 21:06:24,596 INFO  [TrainingTest] Login successfully  
2016-10-21 21:06:31,955 INFO  [TrainingTest] Target Page open successfully  
2016-10-21 21:06:39,776 INFO  [TrainingTest] search functionality is working properly 
2016-10-21 21:06:47,911 INFO  [TrainingTest] Functionality of clear button is working properly 
2016-10-21 21:06:50,618 INFO  [TrainingTest] clicked test start button : test started 
2016-10-21 21:06:54,899 INFO  [TrainingTest] clicked on next button successfully 
2016-10-21 21:06:57,120 INFO  [TrainingTest] clicked on next button successfully 
2016-10-21 21:06:59,294 INFO  [TrainingTest] clicked on next button successfully 
2016-10-21 21:07:12,157 INFO  [TrainingTest] clicked on next button successfully 
2016-10-21 21:07:25,015 INFO  [TrainingTest] clicked on next button successfully 
2016-10-21 21:07:27,567 INFO  [TrainingTest] clicked on next button successfully 
2016-10-21 21:07:30,093 INFO  [TrainingTest] clicked on next button successfully 
2016-10-21 21:07:32,151 INFO  [TrainingTest] clicked on next button successfully 
2016-10-21 21:07:44,663 INFO  [TrainingTest] clicked on next button successfully 
2016-10-21 21:07:46,792 INFO  [TrainingTest] clicked on next button successfully 
2016-10-21 21:10:19,498 INFO  [TrainingTest] Login successfully  
2016-10-21 21:10:26,500 INFO  [TrainingTest] Target Page open successfully  
2016-10-21 21:10:34,674 INFO  [TrainingTest] search functionality is working properly 
2016-10-21 21:10:43,518 INFO  [TrainingTest] Functionality of clear button is working properly 
2016-10-21 21:10:45,973 INFO  [TrainingTest] clicked test start button : test started 
2016-10-21 21:10:50,869 INFO  [TrainingTest] clicked on next button successfully 
2016-10-21 21:10:53,463 INFO  [TrainingTest] clicked on next button successfully 
2016-10-21 21:10:55,597 INFO  [TrainingTest] clicked on next button successfully 
2016-10-21 21:11:07,849 INFO  [TrainingTest] clicked on next button successfully 
2016-10-21 21:11:19,900 INFO  [TrainingTest] clicked on next button successfully 
2016-10-21 21:11:21,826 INFO  [TrainingTest] clicked on next button successfully 
2016-10-21 21:11:23,944 INFO  [TrainingTest] clicked on next button successfully 
2016-10-21 21:11:26,020 INFO  [TrainingTest] clicked on next button successfully 
2016-10-21 21:11:37,937 INFO  [TrainingTest] clicked on next button successfully 
2016-10-21 21:11:39,953 INFO  [TrainingTest] clicked on next button successfully 
2016-10-21 21:14:02,181 INFO  [TrainingTest] Login successfully  
2016-10-21 21:14:09,198 INFO  [TrainingTest] Target Page open successfully  
2016-10-21 21:14:16,993 INFO  [TrainingTest] search functionality is working properly 
2016-10-21 21:14:24,745 INFO  [TrainingTest] Functionality of clear button is working properly 
2016-10-21 21:14:27,444 INFO  [TrainingTest] clicked test start button : test started 
2016-10-21 21:14:31,595 INFO  [TrainingTest] clicked on next button successfully 
2016-10-21 21:14:34,245 INFO  [TrainingTest] clicked on next button successfully 
2016-10-21 21:14:36,465 INFO  [TrainingTest] clicked on next button successfully 
2016-10-21 21:14:48,666 INFO  [TrainingTest] clicked on next button successfully 
2016-10-21 21:15:00,618 INFO  [TrainingTest] clicked on next button successfully 
2016-10-21 21:15:02,536 INFO  [TrainingTest] clicked on next button successfully 
2016-10-21 21:15:04,422 INFO  [TrainingTest] clicked on next button successfully 
2016-10-21 21:15:07,008 INFO  [TrainingTest] clicked on next button successfully 
2016-10-21 21:15:19,070 INFO  [TrainingTest] clicked on next button successfully 
2016-10-21 21:15:21,075 INFO  [TrainingTest] clicked on next button successfully 
2016-10-21 21:15:21,338 INFO  [TrainingTest] test submitted successfully 
2016-10-21 21:19:39,632 INFO  [TrainingTest] Login successfully  
2016-10-21 21:19:46,300 INFO  [TrainingTest] Target Page open successfully  
2016-10-21 21:19:53,980 INFO  [TrainingTest] search functionality is working properly 
2016-10-21 21:20:02,266 INFO  [TrainingTest] Functionality of clear button is working properly 
2016-10-21 21:20:04,670 INFO  [TrainingTest] clicked test start button : test started 
2016-10-21 21:20:09,034 INFO  [TrainingTest] clicked on next button successfully 
2016-10-21 21:20:53,351 INFO  [TrainingTest] Login successfully  
2016-10-21 21:21:00,392 INFO  [TrainingTest] Target Page open successfully  
2016-10-21 21:21:08,748 INFO  [TrainingTest] search functionality is working properly 
2016-10-21 21:21:16,838 INFO  [TrainingTest] Functionality of clear button is working properly 
2016-10-21 21:21:19,117 INFO  [TrainingTest] clicked test start button : test started 
2016-10-21 21:21:23,187 INFO  [TrainingTest] clicked on next button successfully 
2016-10-21 21:21:25,574 INFO  [TrainingTest] clicked on next button successfully 
2016-10-21 21:21:27,523 INFO  [TrainingTest] clicked on next button successfully 
2016-10-21 21:21:39,719 INFO  [TrainingTest] clicked on next button successfully 
2016-10-21 21:21:51,794 INFO  [TrainingTest] clicked on next button successfully 
2016-10-21 21:21:53,884 INFO  [TrainingTest] clicked on next button successfully 
2016-10-21 21:21:55,914 INFO  [TrainingTest] clicked on next button successfully 
2016-10-21 21:21:57,808 INFO  [TrainingTest] clicked on next button successfully 
2016-10-21 21:22:10,050 INFO  [TrainingTest] clicked on next button successfully 
2016-10-21 21:22:12,408 INFO  [TrainingTest] clicked on next button successfully 
2016-10-21 21:25:22,599 INFO  [TrainingTest] Login successfully  
2016-10-21 21:25:29,199 INFO  [TrainingTest] Target Page open successfully  
2016-10-21 21:25:35,653 INFO  [TrainingTest] clicked test start button : test started 
2016-10-21 21:25:40,105 INFO  [TrainingTest] clicked on next button successfully 
2016-10-21 21:25:42,837 INFO  [TrainingTest] clicked on next button successfully 
2016-10-21 21:25:45,338 INFO  [TrainingTest] clicked on next button successfully 
2016-10-21 21:25:57,861 INFO  [TrainingTest] clicked on next button successfully 
2016-10-21 21:26:10,024 INFO  [TrainingTest] clicked on next button successfully 
2016-10-21 21:26:13,094 INFO  [TrainingTest] clicked on next button successfully 
2016-10-21 21:26:15,822 INFO  [TrainingTest] clicked on next button successfully 
2016-10-21 21:26:18,038 INFO  [TrainingTest] clicked on next button successfully 
2016-10-21 21:26:29,918 INFO  [TrainingTest] clicked on next button successfully 
2016-10-21 21:26:31,980 INFO  [TrainingTest] clicked on next button successfully 
2016-10-21 21:32:19,945 INFO  [TrainingTest] Login successfully  
2016-10-21 21:32:26,761 INFO  [TrainingTest] Target Page open successfully  
2016-10-21 21:32:31,443 INFO  [TrainingTest] clicked test start button : test started 
2016-10-21 21:32:35,776 INFO  [TrainingTest] clicked on next button successfully 
2016-10-21 21:32:38,115 INFO  [TrainingTest] clicked on next button successfully 
2016-10-21 21:32:40,195 INFO  [TrainingTest] clicked on next button successfully 
2016-10-21 21:32:52,507 INFO  [TrainingTest] clicked on next button successfully 
2016-10-21 21:33:04,690 INFO  [TrainingTest] clicked on next button successfully 
2016-10-21 21:33:06,630 INFO  [TrainingTest] clicked on next button successfully 
2016-10-21 21:33:08,672 INFO  [TrainingTest] clicked on next button successfully 
2016-10-21 21:33:10,878 INFO  [TrainingTest] clicked on next button successfully 
2016-10-21 21:33:22,985 INFO  [TrainingTest] clicked on next button successfully 
2016-10-21 21:33:25,201 INFO  [TrainingTest] clicked on next button successfully 
2016-10-21 21:36:24,171 INFO  [TrainingTest] Login successfully  
2016-10-21 21:36:30,886 INFO  [TrainingTest] Target Page open successfully  
2016-10-21 21:36:35,252 INFO  [TrainingTest] clicked test start button : test started 
2016-10-21 21:36:39,425 INFO  [TrainingTest] clicked on next button successfully 
2016-10-21 21:36:42,603 INFO  [TrainingTest] clicked on next button successfully 
2016-10-21 21:36:44,896 INFO  [TrainingTest] clicked on next button successfully 
2016-10-21 21:36:55,519 INFO  [TrainingTest] clicked on next button successfully 
2016-10-21 21:36:56,113 INFO  [TrainingTest] clicked on next button successfully 
2016-10-21 21:36:56,669 INFO  [TrainingTest] clicked on next button successfully 
2016-10-21 21:36:57,149 INFO  [TrainingTest] clicked on next button successfully 
2016-10-21 21:36:57,646 INFO  [TrainingTest] clicked on next button successfully 
2016-10-21 21:36:58,198 INFO  [TrainingTest] clicked on next button successfully 
2016-10-21 21:36:58,716 INFO  [TrainingTest] clicked on next button successfully 
2016-10-21 21:36:59,247 INFO  [TrainingTest] clicked on next button successfully 
2016-10-21 21:40:20,508 INFO  [TrainingTest] Login successfully  
2016-10-21 21:40:27,482 INFO  [TrainingTest] Target Page open successfully  
2016-10-21 21:40:30,219 INFO  [TrainingTest] clicked test start button : test started 
2016-10-21 21:42:19,413 INFO  [TrainingTest] Login successfully  
2016-10-21 21:42:26,270 INFO  [TrainingTest] Target Page open successfully  
2016-10-21 21:42:29,031 INFO  [TrainingTest] clicked test start button : test started 
2016-10-21 21:46:41,184 INFO  [TrainingTest] Login successfully  
2016-10-21 21:46:48,047 INFO  [TrainingTest] Target Page open successfully  
2016-10-21 21:46:50,918 INFO  [TrainingTest] clicked test start button : test started 
2016-10-21 21:51:57,878 INFO  [TrainingTest] Login successfully  
2016-10-21 21:52:04,914 INFO  [TrainingTest] Target Page open successfully  
2016-10-21 21:52:09,770 INFO  [TrainingTest] clicked test start button : test started 
2016-10-21 21:52:14,261 INFO  [TrainingTest] clicked on next button successfully 
2016-10-21 21:52:16,385 INFO  [TrainingTest] clicked on next button successfully 
2016-10-21 21:52:18,945 INFO  [TrainingTest] clicked on next button successfully 
2016-10-21 21:57:05,712 INFO  [TrainingTest] Login successfully  
2016-10-21 21:57:12,893 INFO  [TrainingTest] Target Page open successfully  
2016-10-21 21:57:17,478 INFO  [TrainingTest] clicked test start button : test started 
2016-10-21 21:57:21,457 INFO  [TrainingTest] clicked on next button successfully 
2016-10-21 21:57:24,475 INFO  [TrainingTest] clicked on next button successfully 
2016-10-21 21:57:26,860 INFO  [TrainingTest] clicked on next button successfully 
2016-10-21 22:06:54,508 INFO  [TrainingTest] Login successfully  
2016-10-21 22:07:00,986 INFO  [TrainingTest] Target Page open successfully  
2016-10-21 22:07:05,161 INFO  [TrainingTest] clicked test start button : test started 
2016-10-21 22:08:16,798 INFO  [TrainingTest] clicked on next button successfully 
2016-10-21 22:08:35,354 INFO  [TrainingTest] clicked on next button successfully 
2016-10-21 22:08:54,775 INFO  [TrainingTest] clicked on next button successfully 
2016-10-22 10:37:25,076 INFO  [TrainingTest] Login successfully  
2016-10-22 10:37:32,151 INFO  [TrainingTest] Target Page open successfully  
2016-10-22 10:37:45,141 INFO  [TrainingTest] test start button is not working 
2016-10-22 10:44:30,301 INFO  [TrainingTest] Login successfully  
2016-10-22 10:44:36,963 INFO  [TrainingTest] Target Page open successfully  
2016-10-22 10:44:41,866 INFO  [TrainingTest] clicked test start button : test started 
2016-10-22 10:44:46,129 INFO  [TrainingTest] clicked on next button successfully 
2016-10-22 10:44:48,425 INFO  [TrainingTest] clicked on next button successfully 
2016-10-22 10:44:51,675 INFO  [TrainingTest] clicked on next button successfully 
2016-10-22 10:52:00,340 INFO  [TrainingTest] Login successfully  
2016-10-22 10:52:07,358 INFO  [TrainingTest] Target Page open successfully  
2016-10-22 10:52:11,612 INFO  [TrainingTest] clicked test start button : test started 
2016-10-22 10:52:16,757 INFO  [TrainingTest] clicked on next button successfully 
2016-10-22 10:52:19,862 INFO  [TrainingTest] clicked on next button successfully 
2016-10-22 10:52:23,958 INFO  [TrainingTest] clicked on next button successfully 
2016-10-22 10:54:53,549 INFO  [TrainingTest] Login successfully  
2016-10-22 10:55:00,340 INFO  [TrainingTest] Target Page open successfully  
2016-10-22 10:55:05,410 INFO  [TrainingTest] clicked test start button : test started 
2016-10-22 11:07:21,465 INFO  [TrainingTest] Login successfully  
2016-10-22 11:07:29,376 INFO  [TrainingTest] Target Page open successfully  
2016-10-22 11:07:35,937 INFO  [TrainingTest] clicked test start button : test started 
2016-10-22 11:11:44,807 INFO  [TrainingTest] Login successfully  
2016-10-22 11:11:52,924 INFO  [TrainingTest] Target Page open successfully  
2016-10-22 11:11:57,396 INFO  [TrainingTest] clicked test start button : test started 
2016-10-22 11:15:05,475 INFO  [TrainingTest] Login successfully  
2016-10-22 11:15:12,817 INFO  [TrainingTest] Target Page open successfully  
2016-10-22 11:15:16,955 INFO  [TrainingTest] clicked test start button : test started 
2016-10-22 11:15:22,223 INFO  [TrainingTest] clicked on next button successfully 
2016-10-22 11:15:25,823 INFO  [TrainingTest] clicked on next button successfully 
2016-10-22 11:15:29,671 INFO  [TrainingTest] clicked on next button successfully 
2016-10-22 11:19:10,855 INFO  [TrainingTest] Login successfully  
2016-10-22 11:20:00,744 INFO  [TrainingTest] Login successfully  
2016-10-22 11:20:08,280 INFO  [TrainingTest] Target Page open successfully  
2016-10-22 11:20:13,282 INFO  [TrainingTest] clicked test start button : test started 
2016-10-22 11:20:18,947 INFO  [TrainingTest] clicked on next button successfully 
2016-10-22 11:20:22,584 INFO  [TrainingTest] clicked on next button successfully 
2016-10-22 11:20:25,858 INFO  [TrainingTest] clicked on next button successfully 
2016-10-22 11:20:39,090 INFO  [TrainingTest] clicked on next button successfully 
2016-10-22 11:20:52,419 INFO  [TrainingTest] clicked on next button successfully 
2016-10-22 11:20:55,819 INFO  [TrainingTest] clicked on next button successfully 
2016-10-22 11:21:00,062 INFO  [TrainingTest] clicked on next button successfully 
2016-10-22 11:21:03,211 INFO  [TrainingTest] clicked on next button successfully 
2016-10-22 11:21:16,932 INFO  [TrainingTest] clicked on next button successfully 
2016-10-22 11:21:19,848 INFO  [TrainingTest] clicked on next button successfully 
2016-10-22 11:25:07,181 INFO  [TrainingTest] Login successfully  
2016-10-22 11:25:14,937 INFO  [TrainingTest] Target Page open successfully  
2016-10-22 11:25:19,501 INFO  [TrainingTest] clicked test start button : test started 
2016-10-22 11:25:25,607 INFO  [TrainingTest] clicked on next button successfully 
2016-10-22 11:25:29,304 INFO  [TrainingTest] clicked on next button successfully 
2016-10-22 11:25:32,372 INFO  [TrainingTest] clicked on next button successfully 
2016-10-22 11:25:45,740 INFO  [TrainingTest] clicked on next button successfully 
2016-10-22 11:25:59,547 INFO  [TrainingTest] clicked on next button successfully 
2016-10-22 11:26:03,117 INFO  [TrainingTest] clicked on next button successfully 
2016-10-22 11:26:07,182 INFO  [TrainingTest] clicked on next button successfully 
2016-10-22 11:26:10,974 INFO  [TrainingTest] clicked on next button successfully 
2016-10-22 11:26:24,757 INFO  [TrainingTest] clicked on next button successfully 
2016-10-22 11:26:27,839 INFO  [TrainingTest] clicked on next button successfully 
2016-10-22 11:26:48,493 INFO  [TrainingTest] test submitted successfully 
2016-10-22 16:42:33,569 INFO  [TrainingTest] Login successfully  
2016-10-22 16:42:41,183 INFO  [TrainingTest] Target Page open successfully  
2016-10-22 16:42:49,099 INFO  [TrainingTest] search functionality is working properly 
2016-10-22 16:42:58,086 INFO  [TrainingTest] Functionality of clear button is working properly 
2016-10-22 16:43:00,458 INFO  [TrainingTest] clicked test start button : test started 
2016-10-22 16:43:02,800 INFO  [TrainingTest] Answer selected successfully 
2016-10-22 16:43:05,637 INFO  [TrainingTest] clicked on next button successfully 
2016-10-22 16:43:05,924 INFO  [TrainingTest] Answer selected successfully 
2016-10-22 16:43:08,410 INFO  [TrainingTest] clicked on next button successfully 
2016-10-22 16:43:08,732 INFO  [TrainingTest] Answer selected successfully 
2016-10-22 16:43:11,259 INFO  [TrainingTest] clicked on next button successfully 
2016-10-22 16:43:21,667 INFO  [TrainingTest] Answer Entered successfully 
2016-10-22 16:43:24,480 INFO  [TrainingTest] clicked on next button successfully 
2016-10-22 16:43:34,768 INFO  [TrainingTest] Answer Entered successfully 
2016-10-22 16:43:37,400 INFO  [TrainingTest] clicked on next button successfully 
2016-10-22 16:43:37,659 INFO  [TrainingTest] Answer selected successfully 
2016-10-22 16:43:40,231 INFO  [TrainingTest] clicked on next button successfully 
2016-10-22 16:43:40,478 INFO  [TrainingTest] Answer selected successfully 
2016-10-22 16:43:43,096 INFO  [TrainingTest] clicked on next button successfully 
2016-10-22 16:43:43,415 INFO  [TrainingTest] Answer selected successfully 
2016-10-22 16:43:46,144 INFO  [TrainingTest] clicked on next button successfully 
2016-10-22 16:43:56,423 INFO  [TrainingTest] Answer Entered successfully 
2016-10-22 16:43:59,372 INFO  [TrainingTest] clicked on next button successfully 
2016-10-22 16:43:59,639 INFO  [TrainingTest] Answer selected successfully 
2016-10-22 16:44:02,100 INFO  [TrainingTest] clicked on next button successfully 
2016-10-22 16:44:12,383 INFO  [TrainingTest] Answer Entered successfully 
2016-10-22 16:44:22,759 INFO  [TrainingTest] test submitted successfully 
